<?xml version="1.0" encoding="UTF-8"?>
<testng-results skipped="0" failed="0" ignored="0" total="3" passed="3">
  <reporter-output>
  </reporter-output>
  <suite name="Default suite" duration-ms="32919" started-at="2021-07-08T17:12:19 IST" finished-at="2021-07-08T17:12:52 IST">
    <groups>
    </groups>
    <test name="Default test" duration-ms="32919" started-at="2021-07-08T17:12:19 IST" finished-at="2021-07-08T17:12:52 IST">
      <class name="Selenium.ExtendReport">
        <test-method status="PASS" signature="start()[pri:0, instance:Selenium.ExtendReport@4e7dc304]" name="start" is-config="true" duration-ms="5896" started-at="2021-07-08T17:12:13 IST" finished-at="2021-07-08T17:12:19 IST">
          <reporter-output>
          </reporter-output>
        </test-method> <!-- start -->
        <test-method status="PASS" signature="openBing()[pri:0, instance:Selenium.ExtendReport@4e7dc304]" name="openBing" duration-ms="6907" started-at="2021-07-08T17:12:19 IST" finished-at="2021-07-08T17:12:26 IST">
          <reporter-output>
          </reporter-output>
        </test-method> <!-- openBing -->
        <test-method status="PASS" signature="openGoogle()[pri:0, instance:Selenium.ExtendReport@4e7dc304]" name="openGoogle" duration-ms="11509" started-at="2021-07-08T17:12:26 IST" finished-at="2021-07-08T17:12:38 IST">
          <reporter-output>
          </reporter-output>
        </test-method> <!-- openGoogle -->
        <test-method status="PASS" signature="openWiki()[pri:0, instance:Selenium.ExtendReport@4e7dc304]" name="openWiki" duration-ms="14465" started-at="2021-07-08T17:12:38 IST" finished-at="2021-07-08T17:12:52 IST">
          <reporter-output>
          </reporter-output>
        </test-method> <!-- openWiki -->
        <test-method status="PASS" signature="end()[pri:0, instance:Selenium.ExtendReport@4e7dc304]" name="end" is-config="true" duration-ms="1742" started-at="2021-07-08T17:12:52 IST" finished-at="2021-07-08T17:12:54 IST">
          <reporter-output>
          </reporter-output>
        </test-method> <!-- end -->
      </class> <!-- Selenium.ExtendReport -->
    </test> <!-- Default test -->
  </suite> <!-- Default suite -->
</testng-results>
