<?xml version="1.0" encoding="UTF-8"?>
<!-- Generated by org.testng.reporters.JUnitXMLReporter -->
<testsuite hostname="NITHIS" ignored="0" name="Default test" tests="3" failures="0" timestamp="2021-07-08T17:12:52 IST" time="32.919" errors="0">
  <testcase name="openBing" time="6.907" classname="Selenium.ExtendReport"/>
  <testcase name="openGoogle" time="11.509" classname="Selenium.ExtendReport"/>
  <testcase name="openWiki" time="14.465" classname="Selenium.ExtendReport"/>
</testsuite> <!-- Default test -->
